<?xml version="1.0" encoding="UTF-8"?>
<!-- Generated by org.testng.reporters.JUnitReportReporter -->
<testsuite hostname="MSI" failures="0" tests="1" name="day3.LoggingDemo" time="1.307" errors="0" timestamp="2023-01-25T11:44:29 EST" skipped="0">
  <testcase classname="day3.LoggingDemo" name="testLogs" time="1.307"/>
  <system-out/>
</testsuite> <!-- day3.LoggingDemo -->
