<?xml version="1.0" encoding="UTF-8"?>
<!-- Generated by org.testng.reporters.JUnitReportReporter -->
<testsuite hostname="MSI" failures="0" tests="1" name="day5.ParsingXMLResponse" time="2.379" errors="0" timestamp="2023-02-21T23:27:39 EST" skipped="0">
  <testcase classname="day5.ParsingXMLResponse" name="testXMLResponseBody" time="2.379"/>
  <system-out/>
</testsuite> <!-- day5.ParsingXMLResponse -->
