<?xml version="1.0" encoding="UTF-8"?>
<!-- Generated by org.testng.reporters.JUnitReportReporter -->
<testsuite hostname="MSI" failures="0" tests="4" name="day7.Authentications" time="2.536" errors="0" timestamp="2023-02-15T20:51:25 EST" skipped="0">
  <testcase classname="day7.Authentications" name="testBasicAuthentications" time="2.072"/>
  <system-out/>
  <testcase classname="day7.Authentications" name="testDigestAuthentications" time="0.143"/>
  <system-out/>
  <testcase classname="day7.Authentications" name="testPreemptiveAuthentications" time="0.142"/>
  <system-out/>
  <testcase classname="day7.Authentications" name="testOauth2Authorization" time="0.179"/>
  <system-out/>
</testsuite> <!-- day7.Authentications -->
