<?xml version="1.0" encoding="UTF-8"?>
<!-- Generated by org.testng.reporters.JUnitReportReporter -->
<testsuite hostname="MSI" failures="0" tests="1" name="day3.HeadersDemo" time="1.683" errors="0" timestamp="2023-01-25T11:14:23 EST" skipped="0">
  <testcase classname="day3.HeadersDemo" name="getHeaders" time="1.683"/>
  <system-out/>
</testsuite> <!-- day3.HeadersDemo -->
