<?xml version="1.0" encoding="UTF-8"?>
<!-- Generated by org.testng.reporters.JUnitReportReporter -->
<testsuite hostname="MSI" failures="0" tests="4" name="day1.HTTPRequests" time="3.002" errors="0" timestamp="2023-01-26T18:46:19 EST" skipped="0">
  <testcase classname="day1.HTTPRequests" name="getUser" time="1.882"/>
  <system-out/>
  <testcase classname="day1.HTTPRequests" name="CreateUser" time="0.570"/>
  <system-out/>
  <testcase classname="day1.HTTPRequests" name="updateUser" time="0.267"/>
  <system-out/>
  <testcase classname="day1.HTTPRequests" name="deletUser" time="0.283"/>
  <system-out/>
</testsuite> <!-- day1.HTTPRequests -->
