<?xml version="1.0" encoding="UTF-8"?>
<!-- Generated by org.testng.reporters.JUnitReportReporter -->
<testsuite hostname="MSI" failures="0" tests="1" name="day3.PathAndQueryParameters" time="1.697" errors="0" timestamp="2023-01-24T22:25:31 EST" skipped="0">
  <testcase classname="day3.PathAndQueryParameters" name="testQueryAndPathParameters" time="1.697"/>
  <system-out/>
</testsuite> <!-- day3.PathAndQueryParameters -->
