<?xml version="1.0" encoding="UTF-8"?>
<!-- Generated by org.testng.reporters.JUnitReportReporter -->
<testsuite hostname="MSI" failures="0" tests="2" name="day2.WaysToCreatPostRequestBody" time="5.893" errors="0" timestamp="2023-01-24T21:32:37 EST" skipped="0">
  <testcase classname="day2.WaysToCreatPostRequestBody" name="testUsingExternalJsonFile" time="3.821"/>
  <system-out/>
  <testcase classname="day2.WaysToCreatPostRequestBody" name="testDelete" time="2.072"/>
  <system-out/>
</testsuite> <!-- day2.WaysToCreatPostRequestBody -->
