<?xml version="1.0" encoding="UTF-8"?>
<!-- Generated by org.testng.reporters.JUnitReportReporter -->
<testsuite hostname="MSI" failures="0" tests="1" name="day3.CookiesDemo" time="1.690" errors="0" timestamp="2023-01-25T10:36:42 EST" skipped="0">
  <testcase classname="day3.CookiesDemo" name="getCookiesInfo" time="1.690"/>
  <system-out/>
</testsuite> <!-- day3.CookiesDemo -->
