<?xml version="1.0" encoding="UTF-8"?>
<!-- Generated by org.testng.reporters.JUnitReportReporter -->
<testsuite hostname="MSI" failures="0" tests="1" name="day8.UpdateUser" time="1.047" errors="0" timestamp="2023-02-15T23:04:26 EST" skipped="0">
  <testcase classname="day8.UpdateUser" name="test_UpdateUser" time="1.047"/>
  <system-out/>
</testsuite> <!-- day8.UpdateUser -->
