<?xml version="1.0" encoding="UTF-8"?>
<!-- Generated by org.testng.reporters.JUnitReportReporter -->
<testsuite hostname="MSI" failures="0" tests="1" name="test.day2" time="0.001" errors="0" timestamp="2023-03-02T20:36:52 EST" skipped="0">
  <testcase classname="test.day2" name="day2" time="0.001"/>
  <system-out/>
</testsuite> <!-- test.day2 -->
