<?xml version="1.0" encoding="UTF-8"?>
<!-- Generated by org.testng.reporters.JUnitReportReporter -->
<testsuite hostname="MSI" failures="0" tests="2" name="test.day1" time="0.006" errors="0" timestamp="2023-03-02T20:36:52 EST" skipped="0">
  <testcase classname="test.day1" name="Demo" time="0.005"/>
  <system-out/>
  <testcase classname="test.day1" name="SecondDemo" time="0.001"/>
  <system-out/>
</testsuite> <!-- test.day1 -->
